2025-07-05 17:40:51 update roadmap
2025-11-25 05:39:45 improve caching
2025-03-18 00:22:10 rollback changes
2025-07-23 13:08:05 typo fix
2025-09-10 12:02:04 update documentation
2025-01-08 06:30:57 update API docs
2025-01-19 23:54:28 fix crash issue
2025-03-29 03:54:12 add TODOs
2025-05-18 09:31:14 fix warnings
2025-09-25 10:27:56 adjust validation rules
2025-02-11 20:40:17 improve logging format
2025-08-21 03:14:05 enhance logging
2025-09-10 06:31:03 enhance logging
2025-06-09 10:02:29 update constants
2025-05-02 15:09:56 update schema migration
2025-11-15 05:36:42 adjust validation rules
2025-04-26 00:23:33 typo fix
2025-09-22 12:19:37 change configuration
2025-07-23 03:49:39 update gitignore
2025-12-23 18:58:13 fix timezone issue
2025-01-29 08:18:40 remove test code
2025-12-08 21:25:52 add helper function
2025-12-17 22:16:22 experimental changes
2025-01-12 22:12:06 restructure modules
2025-03-31 01:01:24 add integration tests
2025-11-16 14:58:22 update database schema
2025-05-02 06:52:57 cleanup dependencies
2025-08-29 16:43:17 update build script
2025-02-26 05:07:39 minor refactor
2025-08-26 12:32:13 update linter rules
2025-11-06 21:38:46 minor refactor
2025-03-25 05:06:43 update CI pipeline
2025-02-12 22:02:01 add TODOs
2025-09-21 02:30:39 fix typo in code
2025-08-01 10:34:02 fix config bug
2025-05-21 08:28:42 minor refactor
2025-08-04 19:26:13 fix misconfiguration
2025-04-22 01:58:25 improve security
2025-06-08 13:18:05 small refactor
2025-08-12 05:29:38 update deployment script
2025-06-14 00:54:39 add TODOs
2025-02-20 03:30:25 update logging
2025-04-29 05:15:09 update schema migration
2025-04-05 08:46:04 clean project structure
2025-04-10 22:59:00 fix UI alignment
2025-05-16 18:38:46 improve security
2025-04-22 12:54:40 fix timezone issue
2025-08-22 18:19:16 fix broken link
